<?xml version="1.0" encoding="UTF-8"?>
<!-- Generated by org.testng.reporters.JUnitReportReporter -->
<testsuite skipped="0" hostname="SC-201512161950" name="com.menghunli.cms.testcase.TestCase" tests="3" failures="0" timestamp="23 Apr 2019 11:49:02 GMT" time="23.722" errors="0">
  <testcase name="checkCmsLogin" time="3.136" classname="com.menghunli.cms.testcase.TestCase"/>
  <testcase name="checkRzsqSearchSeller" time="7.150" classname="com.menghunli.cms.testcase.TestCase"/>
  <testcase name="checkRzsqSearchCityPhone" time="13.436" classname="com.menghunli.cms.testcase.TestCase"/>
</testsuite> <!-- com.menghunli.cms.testcase.TestCase -->
